<?xml version="1.0" encoding="UTF-8"?>
<!-- Generated by org.testng.reporters.JUnitReportReporter -->
<testsuite skipped="0" hostname="DG" name="com.iNetBanking.testCases.TC_LoginTest_001" tests="1" failures="0" timestamp="2022-03-15T17:25:07 IST" time="8.693" errors="0">
  <testcase name="loginTest" time="8.693" classname="com.iNetBanking.testCases.TC_LoginTest_001"/>
  <system-out/>
</testsuite> <!-- com.iNetBanking.testCases.TC_LoginTest_001 -->
